[debug] [2020-10-01T13:00:08.369Z] ----------------------------------------------------------------------
[debug] [2020-10-01T13:00:08.372Z] Command:       C:\Program Files\nodejs\node.exe C:\Users\ankit.lnu\AppData\Roaming\npm\node_modules\firebase-tools\lib\bin\firebase.js emulators:start
[debug] [2020-10-01T13:00:08.372Z] CLI Version:   8.11.2
[debug] [2020-10-01T13:00:08.372Z] Platform:      win32
[debug] [2020-10-01T13:00:08.373Z] Node Version:  v14.6.0
[debug] [2020-10-01T13:00:08.374Z] Time:          Thu Oct 01 2020 18:30:08 GMT+0530 (India Standard Time)
[debug] [2020-10-01T13:00:08.374Z] ----------------------------------------------------------------------
[debug] [2020-10-01T13:00:08.375Z] 
[debug] [2020-10-01T13:00:08.386Z] > command requires scopes: ["email","openid","https://www.googleapis.com/auth/cloudplatformprojects.readonly","https://www.googleapis.com/auth/firebase","https://www.googleapis.com/auth/cloud-platform"]
[debug] [2020-10-01T13:00:08.387Z] > authorizing via signed-in user
[info] i  emulators: Starting emulators: functions, hosting {"metadata":{"emulator":{"name":"hub"},"message":"Starting emulators: functions, hosting"}}
[debug] [2020-10-01T13:00:10.437Z] [hub] writing locator at C:\Users\ankit.lnu\AppData\Local\Temp\hub-clone-b17e6.json
[warn] !  functions: The following emulators are not running, calls to these services from the Functions emulator will affect production: auth, firestore, database, pubsub {"metadata":{"emulator":{"name":"functions"},"message":"The following emulators are not running, calls to these services from the Functions emulator will affect production: \u001b[1mauth, firestore, database, pubsub\u001b[22m"}}
[warn] !  Your requested "node" version "10" doesn't match your global version "14" {"metadata":{"emulator":{"name":"functions"},"message":"Your requested \"node\" version \"10\" doesn't match your global version \"14\""}}
[debug] [2020-10-01T13:00:12.513Z] defaultcredentials: writing to file C:\Users\ankit.lnu\AppData\Roaming\firebase\ankit_rated_gmail.com_application_default_credentials.json
[debug] [2020-10-01T13:00:12.517Z] Setting GAC to C:\Users\ankit.lnu\AppData\Roaming\firebase\ankit_rated_gmail.com_application_default_credentials.json {"metadata":{"emulator":{"name":"functions"},"message":"Setting GAC to C:\\Users\\ankit.lnu\\AppData\\Roaming\\firebase\\ankit_rated_gmail.com_application_default_credentials.json"}}
[debug] [2020-10-01T13:00:14.533Z] >>> HTTP REQUEST GET https://firebase.googleapis.com/v1beta1/projects/clone-b17e6/webApps/-/config  
 
[debug] [2020-10-01T13:00:15.953Z] <<< HTTP RESPONSE 200 {"content-type":"application/json; charset=UTF-8","vary":"X-Origin, Referer, Origin,Accept-Encoding","date":"Thu, 01 Oct 2020 12:59:59 GMT","server":"ESF","cache-control":"private","x-xss-protection":"0","x-frame-options":"SAMEORIGIN","x-content-type-options":"nosniff","alt-svc":"h3-Q050=\":443\"; ma=2592000,h3-29=\":443\"; ma=2592000,h3-27=\":443\"; ma=2592000,h3-T051=\":443\"; ma=2592000,h3-T050=\":443\"; ma=2592000,h3-Q046=\":443\"; ma=2592000,h3-Q043=\":443\"; ma=2592000,quic=\":443\"; ma=2592000; v=\"46,43\"","accept-ranges":"none","transfer-encoding":"chunked"}
[info] i  hosting: Serving hosting files from: build {"metadata":{"emulator":{"name":"hosting"},"message":"Serving hosting files from: \u001b[1mbuild\u001b[22m"}}
[info] +  hosting: Local server: http://localhost:5000 {"metadata":{"emulator":{"name":"hosting"},"message":"Local server: \u001b[4m\u001b[1mhttp://localhost:5000\u001b[22m\u001b[24m"}}
[debug] [2020-10-01T13:00:20.034Z] Ignoring unsupported arg: auto_download {"metadata":{"emulator":{"name":"ui"},"message":"Ignoring unsupported arg: auto_download"}}
[debug] [2020-10-01T13:00:20.034Z] Ignoring unsupported arg: port {"metadata":{"emulator":{"name":"ui"},"message":"Ignoring unsupported arg: port"}}
[debug] [2020-10-01T13:00:20.035Z] Starting Emulator UI with command {"binary":"node","args":["C:\\Users\\ankit.lnu\\.cache\\firebase\\emulators\\ui-v1.1.1\\server.bundle.js"],"optionalArgs":[],"joinArgs":false} {"metadata":{"emulator":{"name":"ui"},"message":"Starting Emulator UI with command {\"binary\":\"node\",\"args\":[\"C:\\\\Users\\\\ankit.lnu\\\\.cache\\\\firebase\\\\emulators\\\\ui-v1.1.1\\\\server.bundle.js\"],\"optionalArgs\":[],\"joinArgs\":false}"}}
[info] i  ui: Emulator UI logging to ui-debug.log {"metadata":{"emulator":{"name":"ui"},"message":"Emulator UI logging to \u001b[1mui-debug.log\u001b[22m"}}
[debug] [2020-10-01T13:00:20.330Z] Web / API server started at http://localhost:4000
 {"metadata":{"emulator":{"name":"ui"},"message":"Web / API server started at http://localhost:4000\n"}}
[info] i  functions: Watching "C:\Users\ankit.lnu\Projects\amazon_app\amazon-clone\functions" for Cloud Functions... {"metadata":{"emulator":{"name":"functions"},"message":"Watching \"C:\\Users\\ankit.lnu\\Projects\\amazon_app\\amazon-clone\\functions\" for Cloud Functions..."}}
[debug] [2020-10-01T13:00:20.631Z] [worker-pool] addWorker(~diagnostic~) {"metadata":{"emulator":{"name":"functions"},"message":"[worker-pool] addWorker(~diagnostic~)"}}
[debug] [2020-10-01T13:00:20.631Z] [worker-pool] Adding worker with key ~diagnostic~, total=1 {"metadata":{"emulator":{"name":"functions"},"message":"[worker-pool] Adding worker with key ~diagnostic~, total=1"}}
[debug] [2020-10-01T13:00:20.631Z] [worker-pool] submitWork(triggerId=) {"metadata":{"emulator":{"name":"functions"},"message":"[worker-pool] submitWork(triggerId=)"}}
[debug] [2020-10-01T13:00:20.632Z] [worker-~diagnostic~-7420430d-098e-409a-8e05-ce9bc91c5b10]: Assigning socketPath: \\?\pipe\C:\Users\ankit.lnu\Projects\amazon_app\amazon-clone\functions\55820 {"metadata":{"emulator":{"name":"functions"},"message":"[worker-~diagnostic~-7420430d-098e-409a-8e05-ce9bc91c5b10]: Assigning socketPath: \\\\?\\pipe\\C:\\Users\\ankit.lnu\\Projects\\amazon_app\\amazon-clone\\functions\\55820"}}
[debug] [2020-10-01T13:00:20.633Z] [worker-~diagnostic~-7420430d-098e-409a-8e05-ce9bc91c5b10]: BUSY {"metadata":{"emulator":{"name":"functions"},"message":"[worker-~diagnostic~-7420430d-098e-409a-8e05-ce9bc91c5b10]: BUSY"}}
[debug] [2020-10-01T13:00:21.511Z] [runtime-status] [55820] Functions runtime initialized. {"cwd":"C:\\Users\\ankit.lnu\\Projects\\amazon_app\\amazon-clone\\functions","node_version":"14.6.0"} {"metadata":{"emulator":{"name":"functions"},"message":"[runtime-status] [55820] Functions runtime initialized. {\"cwd\":\"C:\\\\Users\\\\ankit.lnu\\\\Projects\\\\amazon_app\\\\amazon-clone\\\\functions\",\"node_version\":\"14.6.0\"}"}}
[debug] [2020-10-01T13:00:21.519Z] [runtime-status] [55820] Disabled runtime features: undefined {"metadata":{"emulator":{"name":"functions"},"message":"[runtime-status] [55820] Disabled runtime features: undefined"}}
[debug] [2020-10-01T13:00:21.528Z] [runtime-status] [55820] Resolved module firebase-admin {"declared":true,"installed":true,"version":"8.13.0","resolution":"C:\\Users\\ankit.lnu\\Projects\\amazon_app\\amazon-clone\\functions\\node_modules\\firebase-admin\\lib\\index.js"} {"metadata":{"emulator":{"name":"functions"},"message":"[runtime-status] [55820] Resolved module firebase-admin {\"declared\":true,\"installed\":true,\"version\":\"8.13.0\",\"resolution\":\"C:\\\\Users\\\\ankit.lnu\\\\Projects\\\\amazon_app\\\\amazon-clone\\\\functions\\\\node_modules\\\\firebase-admin\\\\lib\\\\index.js\"}"}}
[debug] [2020-10-01T13:00:21.530Z] [runtime-status] [55820] Resolved module firebase-functions {"declared":true,"installed":true,"version":"3.11.0","resolution":"C:\\Users\\ankit.lnu\\Projects\\amazon_app\\amazon-clone\\functions\\node_modules\\firebase-functions\\lib\\index.js"} {"metadata":{"emulator":{"name":"functions"},"message":"[runtime-status] [55820] Resolved module firebase-functions {\"declared\":true,\"installed\":true,\"version\":\"3.11.0\",\"resolution\":\"C:\\\\Users\\\\ankit.lnu\\\\Projects\\\\amazon_app\\\\amazon-clone\\\\functions\\\\node_modules\\\\firebase-functions\\\\lib\\\\index.js\"}"}}
[debug] [2020-10-01T13:00:21.533Z] [runtime-status] [55820] Resolved module firebase-functions {"declared":true,"installed":true,"version":"3.11.0","resolution":"C:\\Users\\ankit.lnu\\Projects\\amazon_app\\amazon-clone\\functions\\node_modules\\firebase-functions\\lib\\index.js"} {"metadata":{"emulator":{"name":"functions"},"message":"[runtime-status] [55820] Resolved module firebase-functions {\"declared\":true,\"installed\":true,\"version\":\"3.11.0\",\"resolution\":\"C:\\\\Users\\\\ankit.lnu\\\\Projects\\\\amazon_app\\\\amazon-clone\\\\functions\\\\node_modules\\\\firebase-functions\\\\lib\\\\index.js\"}"}}
[debug] [2020-10-01T13:00:21.536Z] [runtime-status] [55820] Outgoing network have been stubbed. [{"name":"http","status":"mocked"},{"name":"http","status":"mocked"},{"name":"https","status":"mocked"},{"name":"https","status":"mocked"},{"name":"net","status":"mocked"}] {"metadata":{"emulator":{"name":"functions"},"message":"[runtime-status] [55820] Outgoing network have been stubbed. [{\"name\":\"http\",\"status\":\"mocked\"},{\"name\":\"http\",\"status\":\"mocked\"},{\"name\":\"https\",\"status\":\"mocked\"},{\"name\":\"https\",\"status\":\"mocked\"},{\"name\":\"net\",\"status\":\"mocked\"}]"}}
[debug] [2020-10-01T13:00:21.537Z] [runtime-status] [55820] Resolved module firebase-functions {"declared":true,"installed":true,"version":"3.11.0","resolution":"C:\\Users\\ankit.lnu\\Projects\\amazon_app\\amazon-clone\\functions\\node_modules\\firebase-functions\\lib\\index.js"} {"metadata":{"emulator":{"name":"functions"},"message":"[runtime-status] [55820] Resolved module firebase-functions {\"declared\":true,\"installed\":true,\"version\":\"3.11.0\",\"resolution\":\"C:\\\\Users\\\\ankit.lnu\\\\Projects\\\\amazon_app\\\\amazon-clone\\\\functions\\\\node_modules\\\\firebase-functions\\\\lib\\\\index.js\"}"}}
[debug] [2020-10-01T13:00:21.629Z] [runtime-status] [55820] Checked functions.config() {"config":{}} {"metadata":{"emulator":{"name":"functions"},"message":"[runtime-status] [55820] Checked functions.config() {\"config\":{}}"}}
[debug] [2020-10-01T13:00:21.629Z] [runtime-status] [55820] firebase-functions has been stubbed. {"functionsResolution":{"declared":true,"installed":true,"version":"3.11.0","resolution":"C:\\Users\\ankit.lnu\\Projects\\amazon_app\\amazon-clone\\functions\\node_modules\\firebase-functions\\lib\\index.js"}} {"metadata":{"emulator":{"name":"functions"},"message":"[runtime-status] [55820] firebase-functions has been stubbed. {\"functionsResolution\":{\"declared\":true,\"installed\":true,\"version\":\"3.11.0\",\"resolution\":\"C:\\\\Users\\\\ankit.lnu\\\\Projects\\\\amazon_app\\\\amazon-clone\\\\functions\\\\node_modules\\\\firebase-functions\\\\lib\\\\index.js\"}}"}}
[debug] [2020-10-01T13:00:21.631Z] [runtime-status] [55820] Resolved module firebase-functions {"declared":true,"installed":true,"version":"3.11.0","resolution":"C:\\Users\\ankit.lnu\\Projects\\amazon_app\\amazon-clone\\functions\\node_modules\\firebase-functions\\lib\\index.js"} {"metadata":{"emulator":{"name":"functions"},"message":"[runtime-status] [55820] Resolved module firebase-functions {\"declared\":true,\"installed\":true,\"version\":\"3.11.0\",\"resolution\":\"C:\\\\Users\\\\ankit.lnu\\\\Projects\\\\amazon_app\\\\amazon-clone\\\\functions\\\\node_modules\\\\firebase-functions\\\\lib\\\\index.js\"}"}}
[debug] [2020-10-01T13:00:21.633Z] [runtime-status] [55820] Resolved module firebase-admin {"declared":true,"installed":true,"version":"8.13.0","resolution":"C:\\Users\\ankit.lnu\\Projects\\amazon_app\\amazon-clone\\functions\\node_modules\\firebase-admin\\lib\\index.js"} {"metadata":{"emulator":{"name":"functions"},"message":"[runtime-status] [55820] Resolved module firebase-admin {\"declared\":true,\"installed\":true,\"version\":\"8.13.0\",\"resolution\":\"C:\\\\Users\\\\ankit.lnu\\\\Projects\\\\amazon_app\\\\amazon-clone\\\\functions\\\\node_modules\\\\firebase-admin\\\\lib\\\\index.js\"}"}}
[debug] [2020-10-01T13:00:21.634Z] [runtime-status] [55820] Resolved module firebase-functions {"declared":true,"installed":true,"version":"3.11.0","resolution":"C:\\Users\\ankit.lnu\\Projects\\amazon_app\\amazon-clone\\functions\\node_modules\\firebase-functions\\lib\\index.js"} {"metadata":{"emulator":{"name":"functions"},"message":"[runtime-status] [55820] Resolved module firebase-functions {\"declared\":true,\"installed\":true,\"version\":\"3.11.0\",\"resolution\":\"C:\\\\Users\\\\ankit.lnu\\\\Projects\\\\amazon_app\\\\amazon-clone\\\\functions\\\\node_modules\\\\firebase-functions\\\\lib\\\\index.js\"}"}}
[debug] [2020-10-01T13:00:21.634Z] [runtime-status] [55820] firebase-admin has been stubbed. {"adminResolution":{"declared":true,"installed":true,"version":"8.13.0","resolution":"C:\\Users\\ankit.lnu\\Projects\\amazon_app\\amazon-clone\\functions\\node_modules\\firebase-admin\\lib\\index.js"}} {"metadata":{"emulator":{"name":"functions"},"message":"[runtime-status] [55820] firebase-admin has been stubbed. {\"adminResolution\":{\"declared\":true,\"installed\":true,\"version\":\"8.13.0\",\"resolution\":\"C:\\\\Users\\\\ankit.lnu\\\\Projects\\\\amazon_app\\\\amazon-clone\\\\functions\\\\node_modules\\\\firebase-admin\\\\lib\\\\index.js\"}}"}}
[info] +  functions[api]: http function initialized (http://localhost:5001/clone-b17e6/us-central1/api). {"metadata":{"emulator":{"name":"functions"},"message":"\u001b[1mhttp\u001b[22m function initialized (http://localhost:5001/clone-b17e6/us-central1/api)."}}
[info] 
┌───────────────────────────────────────────────────────────────────────┐
│ ✔  All emulators ready! View status and logs at http://localhost:4000 │
└───────────────────────────────────────────────────────────────────────┘

┌───────────┬────────────────┬─────────────────────────────────┐
│ Emulator  │ Host:Port      │ View in Emulator UI             │
├───────────┼────────────────┼─────────────────────────────────┤
│ Functions │ localhost:5001 │ http://localhost:4000/functions │
├───────────┼────────────────┼─────────────────────────────────┤
│ Hosting   │ localhost:5000 │ n/a                             │
└───────────┴────────────────┴─────────────────────────────────┘
  Other reserved ports: 4400, 4500

Issues? Report them at https://github.com/firebase/firebase-tools/issues and attach the *-debug.log files.
 
[debug] [2020-10-01T13:00:21.947Z] [worker-~diagnostic~-7420430d-098e-409a-8e05-ce9bc91c5b10]: IDLE {"metadata":{"emulator":{"name":"functions"},"message":"[worker-~diagnostic~-7420430d-098e-409a-8e05-ce9bc91c5b10]: IDLE"}}
[debug] [2020-10-01T13:03:23.529Z] [work-queue] {"queueLength":1,"workRunningCount":0}
[debug] [2020-10-01T13:03:23.531Z] [work-queue] {"queueLength":0,"workRunningCount":1}
[debug] [2020-10-01T13:03:23.531Z] Accepted request POST /clone-b17e6/us-central1/api/payments/create?total=22000 --> api
[debug] [2020-10-01T13:03:23.541Z] [worker-pool] addWorker(api) {"metadata":{"emulator":{"name":"functions"},"message":"[worker-pool] addWorker(api)"}}
[debug] [2020-10-01T13:03:23.541Z] [worker-pool] Adding worker with key api, total=1 {"metadata":{"emulator":{"name":"functions"},"message":"[worker-pool] Adding worker with key api, total=1"}}
[debug] [2020-10-01T13:03:23.541Z] [worker-pool] submitWork(triggerId=api) {"metadata":{"emulator":{"name":"functions"},"message":"[worker-pool] submitWork(triggerId=api)"}}
[debug] [2020-10-01T13:03:23.542Z] [worker-api-654c1606-1072-4159-bc81-ffa7cd677102]: Assigning socketPath: \\?\pipe\C:\Users\ankit.lnu\Projects\amazon_app\amazon-clone\functions\58676 {"metadata":{"emulator":{"name":"functions"},"message":"[worker-api-654c1606-1072-4159-bc81-ffa7cd677102]: Assigning socketPath: \\\\?\\pipe\\C:\\Users\\ankit.lnu\\Projects\\amazon_app\\amazon-clone\\functions\\58676"}}
[debug] [2020-10-01T13:03:23.542Z] [worker-api-654c1606-1072-4159-bc81-ffa7cd677102]: BUSY {"metadata":{"emulator":{"name":"functions"},"message":"[worker-api-654c1606-1072-4159-bc81-ffa7cd677102]: BUSY"}}
[debug] [2020-10-01T13:03:24.990Z] [runtime-status] [58676] Functions runtime initialized. {"cwd":"C:\\Users\\ankit.lnu\\Projects\\amazon_app\\amazon-clone\\functions","node_version":"14.6.0"} {"metadata":{"emulator":{"name":"functions"},"function":{"name":"api"},"message":"[runtime-status] [58676] Functions runtime initialized. {\"cwd\":\"C:\\\\Users\\\\ankit.lnu\\\\Projects\\\\amazon_app\\\\amazon-clone\\\\functions\",\"node_version\":\"14.6.0\"}"}}
[debug] [2020-10-01T13:03:25.001Z] [runtime-status] [58676] Disabled runtime features: undefined {"metadata":{"emulator":{"name":"functions"},"function":{"name":"api"},"message":"[runtime-status] [58676] Disabled runtime features: undefined"}}
[debug] [2020-10-01T13:03:25.013Z] [runtime-status] [58676] Resolved module firebase-admin {"declared":true,"installed":true,"version":"8.13.0","resolution":"C:\\Users\\ankit.lnu\\Projects\\amazon_app\\amazon-clone\\functions\\node_modules\\firebase-admin\\lib\\index.js"} {"metadata":{"emulator":{"name":"functions"},"function":{"name":"api"},"message":"[runtime-status] [58676] Resolved module firebase-admin {\"declared\":true,\"installed\":true,\"version\":\"8.13.0\",\"resolution\":\"C:\\\\Users\\\\ankit.lnu\\\\Projects\\\\amazon_app\\\\amazon-clone\\\\functions\\\\node_modules\\\\firebase-admin\\\\lib\\\\index.js\"}"}}
[debug] [2020-10-01T13:03:25.018Z] [runtime-status] [58676] Resolved module firebase-functions {"declared":true,"installed":true,"version":"3.11.0","resolution":"C:\\Users\\ankit.lnu\\Projects\\amazon_app\\amazon-clone\\functions\\node_modules\\firebase-functions\\lib\\index.js"} {"metadata":{"emulator":{"name":"functions"},"function":{"name":"api"},"message":"[runtime-status] [58676] Resolved module firebase-functions {\"declared\":true,\"installed\":true,\"version\":\"3.11.0\",\"resolution\":\"C:\\\\Users\\\\ankit.lnu\\\\Projects\\\\amazon_app\\\\amazon-clone\\\\functions\\\\node_modules\\\\firebase-functions\\\\lib\\\\index.js\"}"}}
[debug] [2020-10-01T13:03:25.021Z] [runtime-status] [58676] Resolved module firebase-functions {"declared":true,"installed":true,"version":"3.11.0","resolution":"C:\\Users\\ankit.lnu\\Projects\\amazon_app\\amazon-clone\\functions\\node_modules\\firebase-functions\\lib\\index.js"} {"metadata":{"emulator":{"name":"functions"},"function":{"name":"api"},"message":"[runtime-status] [58676] Resolved module firebase-functions {\"declared\":true,\"installed\":true,\"version\":\"3.11.0\",\"resolution\":\"C:\\\\Users\\\\ankit.lnu\\\\Projects\\\\amazon_app\\\\amazon-clone\\\\functions\\\\node_modules\\\\firebase-functions\\\\lib\\\\index.js\"}"}}
[debug] [2020-10-01T13:03:25.024Z] [runtime-status] [58676] Outgoing network have been stubbed. [{"name":"http","status":"mocked"},{"name":"http","status":"mocked"},{"name":"https","status":"mocked"},{"name":"https","status":"mocked"},{"name":"net","status":"mocked"}] {"metadata":{"emulator":{"name":"functions"},"function":{"name":"api"},"message":"[runtime-status] [58676] Outgoing network have been stubbed. [{\"name\":\"http\",\"status\":\"mocked\"},{\"name\":\"http\",\"status\":\"mocked\"},{\"name\":\"https\",\"status\":\"mocked\"},{\"name\":\"https\",\"status\":\"mocked\"},{\"name\":\"net\",\"status\":\"mocked\"}]"}}
[debug] [2020-10-01T13:03:25.026Z] [runtime-status] [58676] Resolved module firebase-functions {"declared":true,"installed":true,"version":"3.11.0","resolution":"C:\\Users\\ankit.lnu\\Projects\\amazon_app\\amazon-clone\\functions\\node_modules\\firebase-functions\\lib\\index.js"} {"metadata":{"emulator":{"name":"functions"},"function":{"name":"api"},"message":"[runtime-status] [58676] Resolved module firebase-functions {\"declared\":true,\"installed\":true,\"version\":\"3.11.0\",\"resolution\":\"C:\\\\Users\\\\ankit.lnu\\\\Projects\\\\amazon_app\\\\amazon-clone\\\\functions\\\\node_modules\\\\firebase-functions\\\\lib\\\\index.js\"}"}}
[debug] [2020-10-01T13:03:25.156Z] [runtime-status] [58676] Checked functions.config() {"config":{}} {"metadata":{"emulator":{"name":"functions"},"function":{"name":"api"},"message":"[runtime-status] [58676] Checked functions.config() {\"config\":{}}"}}
[debug] [2020-10-01T13:03:25.157Z] [runtime-status] [58676] firebase-functions has been stubbed. {"functionsResolution":{"declared":true,"installed":true,"version":"3.11.0","resolution":"C:\\Users\\ankit.lnu\\Projects\\amazon_app\\amazon-clone\\functions\\node_modules\\firebase-functions\\lib\\index.js"}} {"metadata":{"emulator":{"name":"functions"},"function":{"name":"api"},"message":"[runtime-status] [58676] firebase-functions has been stubbed. {\"functionsResolution\":{\"declared\":true,\"installed\":true,\"version\":\"3.11.0\",\"resolution\":\"C:\\\\Users\\\\ankit.lnu\\\\Projects\\\\amazon_app\\\\amazon-clone\\\\functions\\\\node_modules\\\\firebase-functions\\\\lib\\\\index.js\"}}"}}
[debug] [2020-10-01T13:03:25.158Z] [runtime-status] [58676] Resolved module firebase-functions {"declared":true,"installed":true,"version":"3.11.0","resolution":"C:\\Users\\ankit.lnu\\Projects\\amazon_app\\amazon-clone\\functions\\node_modules\\firebase-functions\\lib\\index.js"} {"metadata":{"emulator":{"name":"functions"},"function":{"name":"api"},"message":"[runtime-status] [58676] Resolved module firebase-functions {\"declared\":true,\"installed\":true,\"version\":\"3.11.0\",\"resolution\":\"C:\\\\Users\\\\ankit.lnu\\\\Projects\\\\amazon_app\\\\amazon-clone\\\\functions\\\\node_modules\\\\firebase-functions\\\\lib\\\\index.js\"}"}}
[debug] [2020-10-01T13:03:25.159Z] [runtime-status] [58676] Resolved module firebase-admin {"declared":true,"installed":true,"version":"8.13.0","resolution":"C:\\Users\\ankit.lnu\\Projects\\amazon_app\\amazon-clone\\functions\\node_modules\\firebase-admin\\lib\\index.js"} {"metadata":{"emulator":{"name":"functions"},"function":{"name":"api"},"message":"[runtime-status] [58676] Resolved module firebase-admin {\"declared\":true,\"installed\":true,\"version\":\"8.13.0\",\"resolution\":\"C:\\\\Users\\\\ankit.lnu\\\\Projects\\\\amazon_app\\\\amazon-clone\\\\functions\\\\node_modules\\\\firebase-admin\\\\lib\\\\index.js\"}"}}
[debug] [2020-10-01T13:03:25.161Z] [runtime-status] [58676] Resolved module firebase-functions {"declared":true,"installed":true,"version":"3.11.0","resolution":"C:\\Users\\ankit.lnu\\Projects\\amazon_app\\amazon-clone\\functions\\node_modules\\firebase-functions\\lib\\index.js"} {"metadata":{"emulator":{"name":"functions"},"function":{"name":"api"},"message":"[runtime-status] [58676] Resolved module firebase-functions {\"declared\":true,\"installed\":true,\"version\":\"3.11.0\",\"resolution\":\"C:\\\\Users\\\\ankit.lnu\\\\Projects\\\\amazon_app\\\\amazon-clone\\\\functions\\\\node_modules\\\\firebase-functions\\\\lib\\\\index.js\"}"}}
[debug] [2020-10-01T13:03:25.161Z] [runtime-status] [58676] firebase-admin has been stubbed. {"adminResolution":{"declared":true,"installed":true,"version":"8.13.0","resolution":"C:\\Users\\ankit.lnu\\Projects\\amazon_app\\amazon-clone\\functions\\node_modules\\firebase-admin\\lib\\index.js"}} {"metadata":{"emulator":{"name":"functions"},"function":{"name":"api"},"message":"[runtime-status] [58676] firebase-admin has been stubbed. {\"adminResolution\":{\"declared\":true,\"installed\":true,\"version\":\"8.13.0\",\"resolution\":\"C:\\\\Users\\\\ankit.lnu\\\\Projects\\\\amazon_app\\\\amazon-clone\\\\functions\\\\node_modules\\\\firebase-admin\\\\lib\\\\index.js\"}}"}}
[debug] [2020-10-01T13:03:25.534Z] [runtime-status] [58676] Trigger "api" has been found, beginning invocation! {"metadata":{"emulator":{"name":"functions"},"function":{"name":"api"},"message":"[runtime-status] [58676] Trigger \"api\" has been found, beginning invocation!"}}
[info] i  functions: Beginning execution of "api" {"metadata":{"emulator":{"name":"functions"},"function":{"name":"api"},"message":"Beginning execution of \"api\""}}
[debug] [2020-10-01T13:03:25.535Z] [runtime-status] [58676] triggerDefinition {"httpsTrigger":{},"name":"api","entryPoint":"api"} {"metadata":{"emulator":{"name":"functions"},"function":{"name":"api"},"message":"[runtime-status] [58676] triggerDefinition {\"httpsTrigger\":{},\"name\":\"api\",\"entryPoint\":\"api\"}"}}
[debug] [2020-10-01T13:03:25.536Z] [runtime-status] [58676] Running api in mode HTTPS {"metadata":{"emulator":{"name":"functions"},"function":{"name":"api"},"message":"[runtime-status] [58676] Running api in mode HTTPS"}}
[debug] [2020-10-01T13:03:25.543Z] [runtime-status] [58676] Attempting to listen to socketPath: \\?\pipe\C:\Users\ankit.lnu\Projects\amazon_app\amazon-clone\functions\58676 {"metadata":{"emulator":{"name":"functions"},"function":{"name":"api"},"message":"[runtime-status] [58676] Attempting to listen to socketPath: \\\\?\\pipe\\C:\\Users\\ankit.lnu\\Projects\\amazon_app\\amazon-clone\\functions\\58676"}}
[debug] [2020-10-01T13:03:25.548Z] [functions] Runtime ready! Sending request! {"metadata":{"emulator":{"name":"functions"},"message":"[functions] Runtime ready! Sending request!"}}
[debug] [2020-10-01T13:03:25.567Z] [runtime-status] [58676] Ephemeral server handling POST request {"metadata":{"emulator":{"name":"functions"},"function":{"name":"api"},"message":"[runtime-status] [58676] Ephemeral server handling POST request"}}
[info] >  inside  create {"user":"inside  create","metadata":{"emulator":{"name":"functions"},"function":{"name":"api"},"message":"\u001b[90m> \u001b[39m inside  create"}}
[info] >  req recieved 22000 {"user":"req recieved 22000","metadata":{"emulator":{"name":"functions"},"function":{"name":"api"},"message":"\u001b[90m> \u001b[39m req recieved 22000"}}
[debug] [2020-10-01T13:03:25.605Z] [runtime-status] [58676] Ephemeral server survived. {"metadata":{"emulator":{"name":"functions"},"function":{"name":"api"},"message":"[runtime-status] [58676] Ephemeral server survived."}}
[info] i  functions: Finished "api" in ~1s {"metadata":{"emulator":{"name":"functions"},"function":{"name":"api"},"message":"Finished \"api\" in ~1s"}}
[debug] [2020-10-01T13:03:26.387Z] [worker-api-654c1606-1072-4159-bc81-ffa7cd677102]: IDLE {"metadata":{"emulator":{"name":"functions"},"message":"[worker-api-654c1606-1072-4159-bc81-ffa7cd677102]: IDLE"}}
[debug] [2020-10-01T13:03:26.388Z] [work-queue] {"queueLength":0,"workRunningCount":0}
[debug] [2020-10-01T13:08:44.678Z] File C:\Users\ankit.lnu\Projects\amazon_app\amazon-clone\functions\index.js changed, reloading triggers {"metadata":{"emulator":{"name":"functions"},"message":"File C:\\Users\\ankit.lnu\\Projects\\amazon_app\\amazon-clone\\functions\\index.js changed, reloading triggers"}}
[debug] [2020-10-01T13:08:44.929Z] File C:\Users\ankit.lnu\Projects\amazon_app\amazon-clone\functions\index.js changed, reloading triggers {"metadata":{"emulator":{"name":"functions"},"message":"File C:\\Users\\ankit.lnu\\Projects\\amazon_app\\amazon-clone\\functions\\index.js changed, reloading triggers"}}
[debug] [2020-10-01T13:08:45.133Z] File C:\Users\ankit.lnu\Projects\amazon_app\amazon-clone\functions\index.js changed, reloading triggers {"metadata":{"emulator":{"name":"functions"},"message":"File C:\\Users\\ankit.lnu\\Projects\\amazon_app\\amazon-clone\\functions\\index.js changed, reloading triggers"}}
[debug] [2020-10-01T13:08:45.307Z] File C:\Users\ankit.lnu\Projects\amazon_app\amazon-clone\functions\index.js changed, reloading triggers {"metadata":{"emulator":{"name":"functions"},"message":"File C:\\Users\\ankit.lnu\\Projects\\amazon_app\\amazon-clone\\functions\\index.js changed, reloading triggers"}}
[debug] [2020-10-01T13:08:46.308Z] [worker-pool] Shutting down IDLE worker (~diagnostic~) {"metadata":{"emulator":{"name":"functions"},"message":"[worker-pool] Shutting down IDLE worker (~diagnostic~)"}}
[debug] [2020-10-01T13:08:46.309Z] [worker-~diagnostic~-7420430d-098e-409a-8e05-ce9bc91c5b10]: FINISHING {"metadata":{"emulator":{"name":"functions"},"message":"[worker-~diagnostic~-7420430d-098e-409a-8e05-ce9bc91c5b10]: FINISHING"}}
[debug] [2020-10-01T13:08:46.309Z] [worker-pool] Shutting down IDLE worker (api) {"metadata":{"emulator":{"name":"functions"},"message":"[worker-pool] Shutting down IDLE worker (api)"}}
[debug] [2020-10-01T13:08:46.310Z] [worker-api-654c1606-1072-4159-bc81-ffa7cd677102]: FINISHING {"metadata":{"emulator":{"name":"functions"},"message":"[worker-api-654c1606-1072-4159-bc81-ffa7cd677102]: FINISHING"}}
[debug] [2020-10-01T13:08:46.326Z] [worker-pool] addWorker(~diagnostic~) {"metadata":{"emulator":{"name":"functions"},"message":"[worker-pool] addWorker(~diagnostic~)"}}
[debug] [2020-10-01T13:08:46.326Z] [worker-pool] Adding worker with key ~diagnostic~, total=2 {"metadata":{"emulator":{"name":"functions"},"message":"[worker-pool] Adding worker with key ~diagnostic~, total=2"}}
[debug] [2020-10-01T13:08:46.327Z] [worker-pool] submitWork(triggerId=) {"metadata":{"emulator":{"name":"functions"},"message":"[worker-pool] submitWork(triggerId=)"}}
[debug] [2020-10-01T13:08:46.327Z] [worker-~diagnostic~-7483f490-dc3c-4d68-bb46-e96e0bd65fed]: Assigning socketPath: \\?\pipe\C:\Users\ankit.lnu\Projects\amazon_app\amazon-clone\functions\54336 {"metadata":{"emulator":{"name":"functions"},"message":"[worker-~diagnostic~-7483f490-dc3c-4d68-bb46-e96e0bd65fed]: Assigning socketPath: \\\\?\\pipe\\C:\\Users\\ankit.lnu\\Projects\\amazon_app\\amazon-clone\\functions\\54336"}}
[debug] [2020-10-01T13:08:46.327Z] [worker-~diagnostic~-7483f490-dc3c-4d68-bb46-e96e0bd65fed]: BUSY {"metadata":{"emulator":{"name":"functions"},"message":"[worker-~diagnostic~-7483f490-dc3c-4d68-bb46-e96e0bd65fed]: BUSY"}}
[debug] [2020-10-01T13:08:46.335Z] [worker-~diagnostic~-7420430d-098e-409a-8e05-ce9bc91c5b10]: exited {"metadata":{"emulator":{"name":"functions"},"message":"[worker-~diagnostic~-7420430d-098e-409a-8e05-ce9bc91c5b10]: exited"}}
[debug] [2020-10-01T13:08:46.336Z] [worker-~diagnostic~-7420430d-098e-409a-8e05-ce9bc91c5b10]: FINISHED {"metadata":{"emulator":{"name":"functions"},"message":"[worker-~diagnostic~-7420430d-098e-409a-8e05-ce9bc91c5b10]: FINISHED"}}
[debug] [2020-10-01T13:08:46.337Z] [worker-api-654c1606-1072-4159-bc81-ffa7cd677102]: exited {"metadata":{"emulator":{"name":"functions"},"message":"[worker-api-654c1606-1072-4159-bc81-ffa7cd677102]: exited"}}
[debug] [2020-10-01T13:08:46.337Z] [worker-api-654c1606-1072-4159-bc81-ffa7cd677102]: FINISHED {"metadata":{"emulator":{"name":"functions"},"message":"[worker-api-654c1606-1072-4159-bc81-ffa7cd677102]: FINISHED"}}
[debug] [2020-10-01T13:08:47.633Z] [runtime-status] [54336] Functions runtime initialized. {"cwd":"C:\\Users\\ankit.lnu\\Projects\\amazon_app\\amazon-clone\\functions","node_version":"14.6.0"} {"metadata":{"emulator":{"name":"functions"},"message":"[runtime-status] [54336] Functions runtime initialized. {\"cwd\":\"C:\\\\Users\\\\ankit.lnu\\\\Projects\\\\amazon_app\\\\amazon-clone\\\\functions\",\"node_version\":\"14.6.0\"}"}}
[debug] [2020-10-01T13:08:47.641Z] [runtime-status] [54336] Disabled runtime features: undefined {"metadata":{"emulator":{"name":"functions"},"message":"[runtime-status] [54336] Disabled runtime features: undefined"}}
[debug] [2020-10-01T13:08:47.651Z] [runtime-status] [54336] Resolved module firebase-admin {"declared":true,"installed":true,"version":"8.13.0","resolution":"C:\\Users\\ankit.lnu\\Projects\\amazon_app\\amazon-clone\\functions\\node_modules\\firebase-admin\\lib\\index.js"} {"metadata":{"emulator":{"name":"functions"},"message":"[runtime-status] [54336] Resolved module firebase-admin {\"declared\":true,\"installed\":true,\"version\":\"8.13.0\",\"resolution\":\"C:\\\\Users\\\\ankit.lnu\\\\Projects\\\\amazon_app\\\\amazon-clone\\\\functions\\\\node_modules\\\\firebase-admin\\\\lib\\\\index.js\"}"}}
[debug] [2020-10-01T13:08:47.655Z] [runtime-status] [54336] Resolved module firebase-functions {"declared":true,"installed":true,"version":"3.11.0","resolution":"C:\\Users\\ankit.lnu\\Projects\\amazon_app\\amazon-clone\\functions\\node_modules\\firebase-functions\\lib\\index.js"} {"metadata":{"emulator":{"name":"functions"},"message":"[runtime-status] [54336] Resolved module firebase-functions {\"declared\":true,\"installed\":true,\"version\":\"3.11.0\",\"resolution\":\"C:\\\\Users\\\\ankit.lnu\\\\Projects\\\\amazon_app\\\\amazon-clone\\\\functions\\\\node_modules\\\\firebase-functions\\\\lib\\\\index.js\"}"}}
[debug] [2020-10-01T13:08:47.658Z] [runtime-status] [54336] Resolved module firebase-functions {"declared":true,"installed":true,"version":"3.11.0","resolution":"C:\\Users\\ankit.lnu\\Projects\\amazon_app\\amazon-clone\\functions\\node_modules\\firebase-functions\\lib\\index.js"} {"metadata":{"emulator":{"name":"functions"},"message":"[runtime-status] [54336] Resolved module firebase-functions {\"declared\":true,\"installed\":true,\"version\":\"3.11.0\",\"resolution\":\"C:\\\\Users\\\\ankit.lnu\\\\Projects\\\\amazon_app\\\\amazon-clone\\\\functions\\\\node_modules\\\\firebase-functions\\\\lib\\\\index.js\"}"}}
[debug] [2020-10-01T13:08:47.662Z] [runtime-status] [54336] Outgoing network have been stubbed. [{"name":"http","status":"mocked"},{"name":"http","status":"mocked"},{"name":"https","status":"mocked"},{"name":"https","status":"mocked"},{"name":"net","status":"mocked"}] {"metadata":{"emulator":{"name":"functions"},"message":"[runtime-status] [54336] Outgoing network have been stubbed. [{\"name\":\"http\",\"status\":\"mocked\"},{\"name\":\"http\",\"status\":\"mocked\"},{\"name\":\"https\",\"status\":\"mocked\"},{\"name\":\"https\",\"status\":\"mocked\"},{\"name\":\"net\",\"status\":\"mocked\"}]"}}
[debug] [2020-10-01T13:08:47.664Z] [runtime-status] [54336] Resolved module firebase-functions {"declared":true,"installed":true,"version":"3.11.0","resolution":"C:\\Users\\ankit.lnu\\Projects\\amazon_app\\amazon-clone\\functions\\node_modules\\firebase-functions\\lib\\index.js"} {"metadata":{"emulator":{"name":"functions"},"message":"[runtime-status] [54336] Resolved module firebase-functions {\"declared\":true,\"installed\":true,\"version\":\"3.11.0\",\"resolution\":\"C:\\\\Users\\\\ankit.lnu\\\\Projects\\\\amazon_app\\\\amazon-clone\\\\functions\\\\node_modules\\\\firebase-functions\\\\lib\\\\index.js\"}"}}
[debug] [2020-10-01T13:08:47.750Z] [runtime-status] [54336] Checked functions.config() {"config":{}} {"metadata":{"emulator":{"name":"functions"},"message":"[runtime-status] [54336] Checked functions.config() {\"config\":{}}"}}
[debug] [2020-10-01T13:08:47.751Z] [runtime-status] [54336] firebase-functions has been stubbed. {"functionsResolution":{"declared":true,"installed":true,"version":"3.11.0","resolution":"C:\\Users\\ankit.lnu\\Projects\\amazon_app\\amazon-clone\\functions\\node_modules\\firebase-functions\\lib\\index.js"}} {"metadata":{"emulator":{"name":"functions"},"message":"[runtime-status] [54336] firebase-functions has been stubbed. {\"functionsResolution\":{\"declared\":true,\"installed\":true,\"version\":\"3.11.0\",\"resolution\":\"C:\\\\Users\\\\ankit.lnu\\\\Projects\\\\amazon_app\\\\amazon-clone\\\\functions\\\\node_modules\\\\firebase-functions\\\\lib\\\\index.js\"}}"}}
[debug] [2020-10-01T13:08:47.752Z] [runtime-status] [54336] Resolved module firebase-functions {"declared":true,"installed":true,"version":"3.11.0","resolution":"C:\\Users\\ankit.lnu\\Projects\\amazon_app\\amazon-clone\\functions\\node_modules\\firebase-functions\\lib\\index.js"} {"metadata":{"emulator":{"name":"functions"},"message":"[runtime-status] [54336] Resolved module firebase-functions {\"declared\":true,\"installed\":true,\"version\":\"3.11.0\",\"resolution\":\"C:\\\\Users\\\\ankit.lnu\\\\Projects\\\\amazon_app\\\\amazon-clone\\\\functions\\\\node_modules\\\\firebase-functions\\\\lib\\\\index.js\"}"}}
[debug] [2020-10-01T13:08:47.755Z] [runtime-status] [54336] Resolved module firebase-admin {"declared":true,"installed":true,"version":"8.13.0","resolution":"C:\\Users\\ankit.lnu\\Projects\\amazon_app\\amazon-clone\\functions\\node_modules\\firebase-admin\\lib\\index.js"} {"metadata":{"emulator":{"name":"functions"},"message":"[runtime-status] [54336] Resolved module firebase-admin {\"declared\":true,\"installed\":true,\"version\":\"8.13.0\",\"resolution\":\"C:\\\\Users\\\\ankit.lnu\\\\Projects\\\\amazon_app\\\\amazon-clone\\\\functions\\\\node_modules\\\\firebase-admin\\\\lib\\\\index.js\"}"}}
[debug] [2020-10-01T13:08:47.756Z] [runtime-status] [54336] Resolved module firebase-functions {"declared":true,"installed":true,"version":"3.11.0","resolution":"C:\\Users\\ankit.lnu\\Projects\\amazon_app\\amazon-clone\\functions\\node_modules\\firebase-functions\\lib\\index.js"} {"metadata":{"emulator":{"name":"functions"},"message":"[runtime-status] [54336] Resolved module firebase-functions {\"declared\":true,\"installed\":true,\"version\":\"3.11.0\",\"resolution\":\"C:\\\\Users\\\\ankit.lnu\\\\Projects\\\\amazon_app\\\\amazon-clone\\\\functions\\\\node_modules\\\\firebase-functions\\\\lib\\\\index.js\"}"}}
[debug] [2020-10-01T13:08:47.756Z] [runtime-status] [54336] firebase-admin has been stubbed. {"adminResolution":{"declared":true,"installed":true,"version":"8.13.0","resolution":"C:\\Users\\ankit.lnu\\Projects\\amazon_app\\amazon-clone\\functions\\node_modules\\firebase-admin\\lib\\index.js"}} {"metadata":{"emulator":{"name":"functions"},"message":"[runtime-status] [54336] firebase-admin has been stubbed. {\"adminResolution\":{\"declared\":true,\"installed\":true,\"version\":\"8.13.0\",\"resolution\":\"C:\\\\Users\\\\ankit.lnu\\\\Projects\\\\amazon_app\\\\amazon-clone\\\\functions\\\\node_modules\\\\firebase-admin\\\\lib\\\\index.js\"}}"}}
[debug] [2020-10-01T13:08:48.462Z] [worker-~diagnostic~-7483f490-dc3c-4d68-bb46-e96e0bd65fed]: IDLE {"metadata":{"emulator":{"name":"functions"},"message":"[worker-~diagnostic~-7483f490-dc3c-4d68-bb46-e96e0bd65fed]: IDLE"}}
[debug] [2020-10-01T13:09:44.451Z] [work-queue] {"queueLength":1,"workRunningCount":0}
[debug] [2020-10-01T13:09:44.451Z] [work-queue] {"queueLength":0,"workRunningCount":1}
[debug] [2020-10-01T13:09:44.452Z] Accepted request POST /clone-b17e6/us-central1/api/payments/create?total=22200 --> api
[debug] [2020-10-01T13:09:44.452Z] [worker-pool] Cleaned up workers for ~diagnostic~: 2 --> 1 {"metadata":{"emulator":{"name":"functions"},"message":"[worker-pool] Cleaned up workers for ~diagnostic~: 2 --> 1"}}
[debug] [2020-10-01T13:09:44.452Z] [worker-pool] Cleaned up workers for api: 1 --> 0 {"metadata":{"emulator":{"name":"functions"},"message":"[worker-pool] Cleaned up workers for api: 1 --> 0"}}
[debug] [2020-10-01T13:09:44.462Z] [worker-pool] addWorker(api) {"metadata":{"emulator":{"name":"functions"},"message":"[worker-pool] addWorker(api)"}}
[debug] [2020-10-01T13:09:44.462Z] [worker-pool] Adding worker with key api, total=1 {"metadata":{"emulator":{"name":"functions"},"message":"[worker-pool] Adding worker with key api, total=1"}}
[debug] [2020-10-01T13:09:44.462Z] [worker-pool] submitWork(triggerId=api) {"metadata":{"emulator":{"name":"functions"},"message":"[worker-pool] submitWork(triggerId=api)"}}
[debug] [2020-10-01T13:09:44.462Z] [worker-api-a25c47dc-afdc-4c7f-ad6e-69f085a0523a]: Assigning socketPath: \\?\pipe\C:\Users\ankit.lnu\Projects\amazon_app\amazon-clone\functions\14592 {"metadata":{"emulator":{"name":"functions"},"message":"[worker-api-a25c47dc-afdc-4c7f-ad6e-69f085a0523a]: Assigning socketPath: \\\\?\\pipe\\C:\\Users\\ankit.lnu\\Projects\\amazon_app\\amazon-clone\\functions\\14592"}}
[debug] [2020-10-01T13:09:44.463Z] [worker-api-a25c47dc-afdc-4c7f-ad6e-69f085a0523a]: BUSY {"metadata":{"emulator":{"name":"functions"},"message":"[worker-api-a25c47dc-afdc-4c7f-ad6e-69f085a0523a]: BUSY"}}
[debug] [2020-10-01T13:09:45.555Z] [runtime-status] [14592] Functions runtime initialized. {"cwd":"C:\\Users\\ankit.lnu\\Projects\\amazon_app\\amazon-clone\\functions","node_version":"14.6.0"} {"metadata":{"emulator":{"name":"functions"},"function":{"name":"api"},"message":"[runtime-status] [14592] Functions runtime initialized. {\"cwd\":\"C:\\\\Users\\\\ankit.lnu\\\\Projects\\\\amazon_app\\\\amazon-clone\\\\functions\",\"node_version\":\"14.6.0\"}"}}
[debug] [2020-10-01T13:09:45.566Z] [runtime-status] [14592] Disabled runtime features: undefined {"metadata":{"emulator":{"name":"functions"},"function":{"name":"api"},"message":"[runtime-status] [14592] Disabled runtime features: undefined"}}
[debug] [2020-10-01T13:09:45.607Z] [runtime-status] [14592] Resolved module firebase-admin {"declared":true,"installed":true,"version":"8.13.0","resolution":"C:\\Users\\ankit.lnu\\Projects\\amazon_app\\amazon-clone\\functions\\node_modules\\firebase-admin\\lib\\index.js"} {"metadata":{"emulator":{"name":"functions"},"function":{"name":"api"},"message":"[runtime-status] [14592] Resolved module firebase-admin {\"declared\":true,\"installed\":true,\"version\":\"8.13.0\",\"resolution\":\"C:\\\\Users\\\\ankit.lnu\\\\Projects\\\\amazon_app\\\\amazon-clone\\\\functions\\\\node_modules\\\\firebase-admin\\\\lib\\\\index.js\"}"}}
[debug] [2020-10-01T13:09:45.611Z] [runtime-status] [14592] Resolved module firebase-functions {"declared":true,"installed":true,"version":"3.11.0","resolution":"C:\\Users\\ankit.lnu\\Projects\\amazon_app\\amazon-clone\\functions\\node_modules\\firebase-functions\\lib\\index.js"} {"metadata":{"emulator":{"name":"functions"},"function":{"name":"api"},"message":"[runtime-status] [14592] Resolved module firebase-functions {\"declared\":true,\"installed\":true,\"version\":\"3.11.0\",\"resolution\":\"C:\\\\Users\\\\ankit.lnu\\\\Projects\\\\amazon_app\\\\amazon-clone\\\\functions\\\\node_modules\\\\firebase-functions\\\\lib\\\\index.js\"}"}}
[debug] [2020-10-01T13:09:45.614Z] [runtime-status] [14592] Resolved module firebase-functions {"declared":true,"installed":true,"version":"3.11.0","resolution":"C:\\Users\\ankit.lnu\\Projects\\amazon_app\\amazon-clone\\functions\\node_modules\\firebase-functions\\lib\\index.js"} {"metadata":{"emulator":{"name":"functions"},"function":{"name":"api"},"message":"[runtime-status] [14592] Resolved module firebase-functions {\"declared\":true,\"installed\":true,\"version\":\"3.11.0\",\"resolution\":\"C:\\\\Users\\\\ankit.lnu\\\\Projects\\\\amazon_app\\\\amazon-clone\\\\functions\\\\node_modules\\\\firebase-functions\\\\lib\\\\index.js\"}"}}
[debug] [2020-10-01T13:09:45.617Z] [runtime-status] [14592] Outgoing network have been stubbed. [{"name":"http","status":"mocked"},{"name":"http","status":"mocked"},{"name":"https","status":"mocked"},{"name":"https","status":"mocked"},{"name":"net","status":"mocked"}] {"metadata":{"emulator":{"name":"functions"},"function":{"name":"api"},"message":"[runtime-status] [14592] Outgoing network have been stubbed. [{\"name\":\"http\",\"status\":\"mocked\"},{\"name\":\"http\",\"status\":\"mocked\"},{\"name\":\"https\",\"status\":\"mocked\"},{\"name\":\"https\",\"status\":\"mocked\"},{\"name\":\"net\",\"status\":\"mocked\"}]"}}
[debug] [2020-10-01T13:09:45.618Z] [runtime-status] [14592] Resolved module firebase-functions {"declared":true,"installed":true,"version":"3.11.0","resolution":"C:\\Users\\ankit.lnu\\Projects\\amazon_app\\amazon-clone\\functions\\node_modules\\firebase-functions\\lib\\index.js"} {"metadata":{"emulator":{"name":"functions"},"function":{"name":"api"},"message":"[runtime-status] [14592] Resolved module firebase-functions {\"declared\":true,\"installed\":true,\"version\":\"3.11.0\",\"resolution\":\"C:\\\\Users\\\\ankit.lnu\\\\Projects\\\\amazon_app\\\\amazon-clone\\\\functions\\\\node_modules\\\\firebase-functions\\\\lib\\\\index.js\"}"}}
[debug] [2020-10-01T13:09:45.700Z] [runtime-status] [14592] Checked functions.config() {"config":{}} {"metadata":{"emulator":{"name":"functions"},"function":{"name":"api"},"message":"[runtime-status] [14592] Checked functions.config() {\"config\":{}}"}}
[debug] [2020-10-01T13:09:45.700Z] [runtime-status] [14592] firebase-functions has been stubbed. {"functionsResolution":{"declared":true,"installed":true,"version":"3.11.0","resolution":"C:\\Users\\ankit.lnu\\Projects\\amazon_app\\amazon-clone\\functions\\node_modules\\firebase-functions\\lib\\index.js"}} {"metadata":{"emulator":{"name":"functions"},"function":{"name":"api"},"message":"[runtime-status] [14592] firebase-functions has been stubbed. {\"functionsResolution\":{\"declared\":true,\"installed\":true,\"version\":\"3.11.0\",\"resolution\":\"C:\\\\Users\\\\ankit.lnu\\\\Projects\\\\amazon_app\\\\amazon-clone\\\\functions\\\\node_modules\\\\firebase-functions\\\\lib\\\\index.js\"}}"}}
[debug] [2020-10-01T13:09:45.701Z] [runtime-status] [14592] Resolved module firebase-functions {"declared":true,"installed":true,"version":"3.11.0","resolution":"C:\\Users\\ankit.lnu\\Projects\\amazon_app\\amazon-clone\\functions\\node_modules\\firebase-functions\\lib\\index.js"} {"metadata":{"emulator":{"name":"functions"},"function":{"name":"api"},"message":"[runtime-status] [14592] Resolved module firebase-functions {\"declared\":true,\"installed\":true,\"version\":\"3.11.0\",\"resolution\":\"C:\\\\Users\\\\ankit.lnu\\\\Projects\\\\amazon_app\\\\amazon-clone\\\\functions\\\\node_modules\\\\firebase-functions\\\\lib\\\\index.js\"}"}}
[debug] [2020-10-01T13:09:45.704Z] [runtime-status] [14592] Resolved module firebase-admin {"declared":true,"installed":true,"version":"8.13.0","resolution":"C:\\Users\\ankit.lnu\\Projects\\amazon_app\\amazon-clone\\functions\\node_modules\\firebase-admin\\lib\\index.js"} {"metadata":{"emulator":{"name":"functions"},"function":{"name":"api"},"message":"[runtime-status] [14592] Resolved module firebase-admin {\"declared\":true,\"installed\":true,\"version\":\"8.13.0\",\"resolution\":\"C:\\\\Users\\\\ankit.lnu\\\\Projects\\\\amazon_app\\\\amazon-clone\\\\functions\\\\node_modules\\\\firebase-admin\\\\lib\\\\index.js\"}"}}
[debug] [2020-10-01T13:09:45.706Z] [runtime-status] [14592] Resolved module firebase-functions {"declared":true,"installed":true,"version":"3.11.0","resolution":"C:\\Users\\ankit.lnu\\Projects\\amazon_app\\amazon-clone\\functions\\node_modules\\firebase-functions\\lib\\index.js"} {"metadata":{"emulator":{"name":"functions"},"function":{"name":"api"},"message":"[runtime-status] [14592] Resolved module firebase-functions {\"declared\":true,\"installed\":true,\"version\":\"3.11.0\",\"resolution\":\"C:\\\\Users\\\\ankit.lnu\\\\Projects\\\\amazon_app\\\\amazon-clone\\\\functions\\\\node_modules\\\\firebase-functions\\\\lib\\\\index.js\"}"}}
[debug] [2020-10-01T13:09:45.706Z] [runtime-status] [14592] firebase-admin has been stubbed. {"adminResolution":{"declared":true,"installed":true,"version":"8.13.0","resolution":"C:\\Users\\ankit.lnu\\Projects\\amazon_app\\amazon-clone\\functions\\node_modules\\firebase-admin\\lib\\index.js"}} {"metadata":{"emulator":{"name":"functions"},"function":{"name":"api"},"message":"[runtime-status] [14592] firebase-admin has been stubbed. {\"adminResolution\":{\"declared\":true,\"installed\":true,\"version\":\"8.13.0\",\"resolution\":\"C:\\\\Users\\\\ankit.lnu\\\\Projects\\\\amazon_app\\\\amazon-clone\\\\functions\\\\node_modules\\\\firebase-admin\\\\lib\\\\index.js\"}}"}}
[debug] [2020-10-01T13:09:46.060Z] [runtime-status] [14592] Trigger "api" has been found, beginning invocation! {"metadata":{"emulator":{"name":"functions"},"function":{"name":"api"},"message":"[runtime-status] [14592] Trigger \"api\" has been found, beginning invocation!"}}
[info] i  functions: Beginning execution of "api" {"metadata":{"emulator":{"name":"functions"},"function":{"name":"api"},"message":"Beginning execution of \"api\""}}
[debug] [2020-10-01T13:09:46.062Z] [runtime-status] [14592] triggerDefinition {"httpsTrigger":{},"name":"api","entryPoint":"api"} {"metadata":{"emulator":{"name":"functions"},"function":{"name":"api"},"message":"[runtime-status] [14592] triggerDefinition {\"httpsTrigger\":{},\"name\":\"api\",\"entryPoint\":\"api\"}"}}
[debug] [2020-10-01T13:09:46.062Z] [runtime-status] [14592] Running api in mode HTTPS {"metadata":{"emulator":{"name":"functions"},"function":{"name":"api"},"message":"[runtime-status] [14592] Running api in mode HTTPS"}}
[debug] [2020-10-01T13:09:46.070Z] [runtime-status] [14592] Attempting to listen to socketPath: \\?\pipe\C:\Users\ankit.lnu\Projects\amazon_app\amazon-clone\functions\14592 {"metadata":{"emulator":{"name":"functions"},"function":{"name":"api"},"message":"[runtime-status] [14592] Attempting to listen to socketPath: \\\\?\\pipe\\C:\\Users\\ankit.lnu\\Projects\\amazon_app\\amazon-clone\\functions\\14592"}}
[debug] [2020-10-01T13:09:46.075Z] [functions] Runtime ready! Sending request! {"metadata":{"emulator":{"name":"functions"},"message":"[functions] Runtime ready! Sending request!"}}
[debug] [2020-10-01T13:09:46.090Z] [runtime-status] [14592] Ephemeral server handling POST request {"metadata":{"emulator":{"name":"functions"},"function":{"name":"api"},"message":"[runtime-status] [14592] Ephemeral server handling POST request"}}
[info] >  inside  create {"user":"inside  create","metadata":{"emulator":{"name":"functions"},"function":{"name":"api"},"message":"\u001b[90m> \u001b[39m inside  create"}}
[info] >  req recieved 22200 {"user":"req recieved 22200","metadata":{"emulator":{"name":"functions"},"function":{"name":"api"},"message":"\u001b[90m> \u001b[39m req recieved 22200"}}
[debug] [2020-10-01T13:09:46.132Z] [runtime-status] [14592] Ephemeral server survived. {"metadata":{"emulator":{"name":"functions"},"function":{"name":"api"},"message":"[runtime-status] [14592] Ephemeral server survived."}}
[info] >  paymentIntent, { {"user":"paymentIntent, {","metadata":{"emulator":{"name":"functions"},"function":{"name":"api"},"message":"\u001b[90m> \u001b[39m paymentIntent, {"}}
[info] >    id: 'pi_1HXRXJENAdZts6RnJG6U3M0W', {"user":"  id: 'pi_1HXRXJENAdZts6RnJG6U3M0W',","metadata":{"emulator":{"name":"functions"},"function":{"name":"api"},"message":"\u001b[90m> \u001b[39m   id: 'pi_1HXRXJENAdZts6RnJG6U3M0W',"}}
[info] >    object: 'payment_intent', {"user":"  object: 'payment_intent',","metadata":{"emulator":{"name":"functions"},"function":{"name":"api"},"message":"\u001b[90m> \u001b[39m   object: 'payment_intent',"}}
[info] >    amount: 22200, {"user":"  amount: 22200,","metadata":{"emulator":{"name":"functions"},"function":{"name":"api"},"message":"\u001b[90m> \u001b[39m   amount: 22200,"}}
[info] >    amount_capturable: 0, {"user":"  amount_capturable: 0,","metadata":{"emulator":{"name":"functions"},"function":{"name":"api"},"message":"\u001b[90m> \u001b[39m   amount_capturable: 0,"}}
[info] >    amount_received: 0, {"user":"  amount_received: 0,","metadata":{"emulator":{"name":"functions"},"function":{"name":"api"},"message":"\u001b[90m> \u001b[39m   amount_received: 0,"}}
[info] >    application: null, {"user":"  application: null,","metadata":{"emulator":{"name":"functions"},"function":{"name":"api"},"message":"\u001b[90m> \u001b[39m   application: null,"}}
[info] >    application_fee_amount: null, {"user":"  application_fee_amount: null,","metadata":{"emulator":{"name":"functions"},"function":{"name":"api"},"message":"\u001b[90m> \u001b[39m   application_fee_amount: null,"}}
[info] >    canceled_at: null, {"user":"  canceled_at: null,","metadata":{"emulator":{"name":"functions"},"function":{"name":"api"},"message":"\u001b[90m> \u001b[39m   canceled_at: null,"}}
[info] >    cancellation_reason: null, {"user":"  cancellation_reason: null,","metadata":{"emulator":{"name":"functions"},"function":{"name":"api"},"message":"\u001b[90m> \u001b[39m   cancellation_reason: null,"}}
[info] >    capture_method: 'automatic', {"user":"  capture_method: 'automatic',","metadata":{"emulator":{"name":"functions"},"function":{"name":"api"},"message":"\u001b[90m> \u001b[39m   capture_method: 'automatic',"}}
[info] >    charges: { {"user":"  charges: {","metadata":{"emulator":{"name":"functions"},"function":{"name":"api"},"message":"\u001b[90m> \u001b[39m   charges: {"}}
[info] >      object: 'list', {"user":"    object: 'list',","metadata":{"emulator":{"name":"functions"},"function":{"name":"api"},"message":"\u001b[90m> \u001b[39m     object: 'list',"}}
[info] >      data: [], {"user":"    data: [],","metadata":{"emulator":{"name":"functions"},"function":{"name":"api"},"message":"\u001b[90m> \u001b[39m     data: [],"}}
[info] >      has_more: false, {"user":"    has_more: false,","metadata":{"emulator":{"name":"functions"},"function":{"name":"api"},"message":"\u001b[90m> \u001b[39m     has_more: false,"}}
[info] >      total_count: 0, {"user":"    total_count: 0,","metadata":{"emulator":{"name":"functions"},"function":{"name":"api"},"message":"\u001b[90m> \u001b[39m     total_count: 0,"}}
[info] >      url: '/v1/charges?payment_intent=pi_1HXRXJENAdZts6RnJG6U3M0W' {"user":"    url: '/v1/charges?payment_intent=pi_1HXRXJENAdZts6RnJG6U3M0W'","metadata":{"emulator":{"name":"functions"},"function":{"name":"api"},"message":"\u001b[90m> \u001b[39m     url: '/v1/charges?payment_intent=pi_1HXRXJENAdZts6RnJG6U3M0W'"}}
[info] >    }, {"user":"  },","metadata":{"emulator":{"name":"functions"},"function":{"name":"api"},"message":"\u001b[90m> \u001b[39m   },"}}
[info] >    client_secret: 'pi_1HXRXJENAdZts6RnJG6U3M0W_secret_tGHbJWEGq3BzmwZeVmSeaVSJf', {"user":"  client_secret: 'pi_1HXRXJENAdZts6RnJG6U3M0W_secret_tGHbJWEGq3BzmwZeVmSeaVSJf',","metadata":{"emulator":{"name":"functions"},"function":{"name":"api"},"message":"\u001b[90m> \u001b[39m   client_secret: 'pi_1HXRXJENAdZts6RnJG6U3M0W_secret_tGHbJWEGq3BzmwZeVmSeaVSJf',"}}
[info] >    confirmation_method: 'automatic', {"user":"  confirmation_method: 'automatic',","metadata":{"emulator":{"name":"functions"},"function":{"name":"api"},"message":"\u001b[90m> \u001b[39m   confirmation_method: 'automatic',"}}
[info] >    created: 1601557769, {"user":"  created: 1601557769,","metadata":{"emulator":{"name":"functions"},"function":{"name":"api"},"message":"\u001b[90m> \u001b[39m   created: 1601557769,"}}
[info] >    currency: 'inr', {"user":"  currency: 'inr',","metadata":{"emulator":{"name":"functions"},"function":{"name":"api"},"message":"\u001b[90m> \u001b[39m   currency: 'inr',"}}
[info] >    customer: null, {"user":"  customer: null,","metadata":{"emulator":{"name":"functions"},"function":{"name":"api"},"message":"\u001b[90m> \u001b[39m   customer: null,"}}
[info] >    description: null, {"user":"  description: null,","metadata":{"emulator":{"name":"functions"},"function":{"name":"api"},"message":"\u001b[90m> \u001b[39m   description: null,"}}
[info] >    invoice: null, {"user":"  invoice: null,","metadata":{"emulator":{"name":"functions"},"function":{"name":"api"},"message":"\u001b[90m> \u001b[39m   invoice: null,"}}
[info] >    last_payment_error: null, {"user":"  last_payment_error: null,","metadata":{"emulator":{"name":"functions"},"function":{"name":"api"},"message":"\u001b[90m> \u001b[39m   last_payment_error: null,"}}
[info] >    livemode: false, {"user":"  livemode: false,","metadata":{"emulator":{"name":"functions"},"function":{"name":"api"},"message":"\u001b[90m> \u001b[39m   livemode: false,"}}
[info] >    metadata: {}, {"user":"  metadata: {},","metadata":{"emulator":{"name":"functions"},"function":{"name":"api"},"message":"\u001b[90m> \u001b[39m   metadata: {},"}}
[info] >    next_action: null, {"user":"  next_action: null,","metadata":{"emulator":{"name":"functions"},"function":{"name":"api"},"message":"\u001b[90m> \u001b[39m   next_action: null,"}}
[info] >    on_behalf_of: null, {"user":"  on_behalf_of: null,","metadata":{"emulator":{"name":"functions"},"function":{"name":"api"},"message":"\u001b[90m> \u001b[39m   on_behalf_of: null,"}}
[info] >    payment_method: null, {"user":"  payment_method: null,","metadata":{"emulator":{"name":"functions"},"function":{"name":"api"},"message":"\u001b[90m> \u001b[39m   payment_method: null,"}}
[info] >    payment_method_options: { {"user":"  payment_method_options: {","metadata":{"emulator":{"name":"functions"},"function":{"name":"api"},"message":"\u001b[90m> \u001b[39m   payment_method_options: {"}}
[info] >      card: { {"user":"    card: {","metadata":{"emulator":{"name":"functions"},"function":{"name":"api"},"message":"\u001b[90m> \u001b[39m     card: {"}}
[info] >        installments: null, {"user":"      installments: null,","metadata":{"emulator":{"name":"functions"},"function":{"name":"api"},"message":"\u001b[90m> \u001b[39m       installments: null,"}}
[info] >        network: null, {"user":"      network: null,","metadata":{"emulator":{"name":"functions"},"function":{"name":"api"},"message":"\u001b[90m> \u001b[39m       network: null,"}}
[info] >        request_three_d_secure: 'automatic' {"user":"      request_three_d_secure: 'automatic'","metadata":{"emulator":{"name":"functions"},"function":{"name":"api"},"message":"\u001b[90m> \u001b[39m       request_three_d_secure: 'automatic'"}}
[info] >      } {"user":"    }","metadata":{"emulator":{"name":"functions"},"function":{"name":"api"},"message":"\u001b[90m> \u001b[39m     }"}}
[info] >    }, {"user":"  },","metadata":{"emulator":{"name":"functions"},"function":{"name":"api"},"message":"\u001b[90m> \u001b[39m   },"}}
[info] >    payment_method_types: [ 'card' ], {"user":"  payment_method_types: [ 'card' ],","metadata":{"emulator":{"name":"functions"},"function":{"name":"api"},"message":"\u001b[90m> \u001b[39m   payment_method_types: [ 'card' ],"}}
[info] >    receipt_email: null, {"user":"  receipt_email: null,","metadata":{"emulator":{"name":"functions"},"function":{"name":"api"},"message":"\u001b[90m> \u001b[39m   receipt_email: null,"}}
[info] >    review: null, {"user":"  review: null,","metadata":{"emulator":{"name":"functions"},"function":{"name":"api"},"message":"\u001b[90m> \u001b[39m   review: null,"}}
[info] >    setup_future_usage: null, {"user":"  setup_future_usage: null,","metadata":{"emulator":{"name":"functions"},"function":{"name":"api"},"message":"\u001b[90m> \u001b[39m   setup_future_usage: null,"}}
[info] >    shipping: null, {"user":"  shipping: null,","metadata":{"emulator":{"name":"functions"},"function":{"name":"api"},"message":"\u001b[90m> \u001b[39m   shipping: null,"}}
[info] >    source: null, {"user":"  source: null,","metadata":{"emulator":{"name":"functions"},"function":{"name":"api"},"message":"\u001b[90m> \u001b[39m   source: null,"}}
[info] >    statement_descriptor: null, {"user":"  statement_descriptor: null,","metadata":{"emulator":{"name":"functions"},"function":{"name":"api"},"message":"\u001b[90m> \u001b[39m   statement_descriptor: null,"}}
[info] >    statement_descriptor_suffix: null, {"user":"  statement_descriptor_suffix: null,","metadata":{"emulator":{"name":"functions"},"function":{"name":"api"},"message":"\u001b[90m> \u001b[39m   statement_descriptor_suffix: null,"}}
[info] >    status: 'requires_payment_method', {"user":"  status: 'requires_payment_method',","metadata":{"emulator":{"name":"functions"},"function":{"name":"api"},"message":"\u001b[90m> \u001b[39m   status: 'requires_payment_method',"}}
[info] >    transfer_data: null, {"user":"  transfer_data: null,","metadata":{"emulator":{"name":"functions"},"function":{"name":"api"},"message":"\u001b[90m> \u001b[39m   transfer_data: null,"}}
[info] >    transfer_group: null {"user":"  transfer_group: null","metadata":{"emulator":{"name":"functions"},"function":{"name":"api"},"message":"\u001b[90m> \u001b[39m   transfer_group: null"}}
[info] >  } {"user":"}","metadata":{"emulator":{"name":"functions"},"function":{"name":"api"},"message":"\u001b[90m> \u001b[39m }"}}
[info] i  functions: Finished "api" in ~1s {"metadata":{"emulator":{"name":"functions"},"function":{"name":"api"},"message":"Finished \"api\" in ~1s"}}
[debug] [2020-10-01T13:09:47.290Z] [worker-api-a25c47dc-afdc-4c7f-ad6e-69f085a0523a]: IDLE {"metadata":{"emulator":{"name":"functions"},"message":"[worker-api-a25c47dc-afdc-4c7f-ad6e-69f085a0523a]: IDLE"}}
[debug] [2020-10-01T13:09:47.291Z] [work-queue] {"queueLength":0,"workRunningCount":0}
